INFO	?	main	2016-08-15T04:52:09.553Z	org.javacs.Main#connectToNode	Connected to parent using socket on port 55282
INFO	?	pool-1-thread-1	2016-08-15T04:52:09.705Z	org.javacs.JavaLanguageServer#doLint	Lint d:\Amin\Projects\CafeBazarIabPluginJavaCode\app\src\main\java\ir\unity3d\cafebazarplugin\GateWay.java
SEVERE	?	pool-1-thread-1	2016-08-15T04:52:09.710Z	org.javacs.Main#lambda$run$0	Can't find configuration file for d:\Amin\Projects\CafeBazarIabPluginJavaCode\app\src\main\java\ir\unity3d\cafebazarplugin\GateWay.java
org.javacs.ShowMessageException: Can't find configuration file for d:\Amin\Projects\CafeBazarIabPluginJavaCode\app\src\main\java\ir\unity3d\cafebazarplugin\GateWay.java
	at org.javacs.ShowMessageException.create(ShowMessageException.java:29)
	at org.javacs.ShowMessageException.warning(ShowMessageException.java:20)
	at org.javacs.JavaLanguageServer$1.didOpen(JavaLanguageServer.java:185)
	at io.typefox.lsapi.services.json.LanguageServerToJsonAdapter._doAccept(LanguageServerToJsonAdapter.xtend:217)
	at io.typefox.lsapi.services.json.LanguageServerToJsonAdapter.doAccept(LanguageServerToJsonAdapter.xtend:213)
	at io.typefox.lsapi.services.json.LanguageServerToJsonAdapter.accept(LanguageServerToJsonAdapter.xtend:124)
	at io.typefox.lsapi.services.json.LanguageServerProtocol.handleMessage(LanguageServerProtocol.xtend:79)
	at io.typefox.lsapi.services.json.LanguageServerProtocol$IOHandler.handleMessage(LanguageServerProtocol.xtend:284)
	at io.typefox.lsapi.services.json.LanguageServerProtocol$IOHandler.run(LanguageServerProtocol.xtend:220)
	at io.typefox.lsapi.services.json.LanguageServerProtocol$IOHandler.run(LanguageServerProtocol.xtend:180)
	at java.util.concurrent.Executors$RunnableAdapter.call(Executors.java:511)
	at java.util.concurrent.FutureTask.run(FutureTask.java:266)
	at java.util.concurrent.ThreadPoolExecutor.runWorker(ThreadPoolExecutor.java:1142)
	at java.util.concurrent.ThreadPoolExecutor$Worker.run(ThreadPoolExecutor.java:617)
	at java.lang.Thread.run(Thread.java:745)
Caused by: org.javacs.NoJavaConfigException: Can't find configuration file for d:\Amin\Projects\CafeBazarIabPluginJavaCode\app\src\main\java\ir\unity3d\cafebazarplugin\GateWay.java
	at org.javacs.JavaLanguageServer.lambda$findCompiler$21(JavaLanguageServer.java:444)
	at java.util.Optional.orElseThrow(Optional.java:290)
	at org.javacs.JavaLanguageServer.findCompiler(JavaLanguageServer.java:444)
	at org.javacs.JavaLanguageServer.doLint(JavaLanguageServer.java:292)
	at org.javacs.JavaLanguageServer.access$400(JavaLanguageServer.java:25)
	at org.javacs.JavaLanguageServer$1.didOpen(JavaLanguageServer.java:182)
	... 12 more

SEVERE	?	pool-1-thread-1	2016-08-15T04:52:11.356Z	org.javacs.Main#lambda$run$0	Can't find configuration file for d:\Amin\Projects\CafeBazarIabPluginJavaCode\app\src\main\java\ir\unity3d\cafebazarplugin\GateWay.java
org.javacs.NoJavaConfigException: Can't find configuration file for d:\Amin\Projects\CafeBazarIabPluginJavaCode\app\src\main\java\ir\unity3d\cafebazarplugin\GateWay.java
	at org.javacs.JavaLanguageServer.lambda$findCompiler$21(JavaLanguageServer.java:444)
	at java.util.Optional.orElseThrow(Optional.java:290)
	at org.javacs.JavaLanguageServer.findCompiler(JavaLanguageServer.java:444)
	at org.javacs.JavaLanguageServer.doHover(JavaLanguageServer.java:776)
	at org.javacs.JavaLanguageServer$1.hover(JavaLanguageServer.java:107)
	at io.typefox.lsapi.services.json.LanguageServerToJsonAdapter._doAccept(LanguageServerToJsonAdapter.xtend:140)
	at io.typefox.lsapi.services.json.LanguageServerToJsonAdapter.doAccept(LanguageServerToJsonAdapter.xtend:127)
	at io.typefox.lsapi.services.json.LanguageServerToJsonAdapter.accept(LanguageServerToJsonAdapter.xtend:124)
	at io.typefox.lsapi.services.json.LanguageServerProtocol.handleMessage(LanguageServerProtocol.xtend:79)
	at io.typefox.lsapi.services.json.LanguageServerProtocol$IOHandler.handleMessage(LanguageServerProtocol.xtend:284)
	at io.typefox.lsapi.services.json.LanguageServerProtocol$IOHandler.run(LanguageServerProtocol.xtend:220)
	at io.typefox.lsapi.services.json.LanguageServerProtocol$IOHandler.run(LanguageServerProtocol.xtend:180)
	at java.util.concurrent.Executors$RunnableAdapter.call(Executors.java:511)
	at java.util.concurrent.FutureTask.run(FutureTask.java:266)
	at java.util.concurrent.ThreadPoolExecutor.runWorker(ThreadPoolExecutor.java:1142)
	at java.util.concurrent.ThreadPoolExecutor$Worker.run(ThreadPoolExecutor.java:617)
	at java.lang.Thread.run(Thread.java:745)

WARNING	?	pool-1-thread-1	2016-08-15T04:52:11.359Z	org.javacs.JavaLanguageServer#onError	Can't find configuration file for d:\Amin\Projects\CafeBazarIabPluginJavaCode\app\src\main\java\ir\unity3d\cafebazarplugin\GateWay.java
INFO	?	pool-1-thread-1	2016-08-15T04:52:20.207Z	org.javacs.JavaLanguageServer#doLint	Lint d:\Amin\Projects\CafeBazarIabPluginJavaCode\app\src\main\java\ir\unity3d\cafebazarplugin\StoreController.java
SEVERE	?	pool-1-thread-1	2016-08-15T04:52:20.208Z	org.javacs.Main#lambda$run$0	Can't find configuration file for d:\Amin\Projects\CafeBazarIabPluginJavaCode\app\src\main\java\ir\unity3d\cafebazarplugin\StoreController.java
org.javacs.ShowMessageException: Can't find configuration file for d:\Amin\Projects\CafeBazarIabPluginJavaCode\app\src\main\java\ir\unity3d\cafebazarplugin\StoreController.java
	at org.javacs.ShowMessageException.create(ShowMessageException.java:29)
	at org.javacs.ShowMessageException.warning(ShowMessageException.java:20)
	at org.javacs.JavaLanguageServer$1.didOpen(JavaLanguageServer.java:185)
	at io.typefox.lsapi.services.json.LanguageServerToJsonAdapter._doAccept(LanguageServerToJsonAdapter.xtend:217)
	at io.typefox.lsapi.services.json.LanguageServerToJsonAdapter.doAccept(LanguageServerToJsonAdapter.xtend:213)
	at io.typefox.lsapi.services.json.LanguageServerToJsonAdapter.accept(LanguageServerToJsonAdapter.xtend:124)
	at io.typefox.lsapi.services.json.LanguageServerProtocol.handleMessage(LanguageServerProtocol.xtend:79)
	at io.typefox.lsapi.services.json.LanguageServerProtocol$IOHandler.handleMessage(LanguageServerProtocol.xtend:284)
	at io.typefox.lsapi.services.json.LanguageServerProtocol$IOHandler.run(LanguageServerProtocol.xtend:220)
	at io.typefox.lsapi.services.json.LanguageServerProtocol$IOHandler.run(LanguageServerProtocol.xtend:180)
	at java.util.concurrent.Executors$RunnableAdapter.call(Executors.java:511)
	at java.util.concurrent.FutureTask.run(FutureTask.java:266)
	at java.util.concurrent.ThreadPoolExecutor.runWorker(ThreadPoolExecutor.java:1142)
	at java.util.concurrent.ThreadPoolExecutor$Worker.run(ThreadPoolExecutor.java:617)
	at java.lang.Thread.run(Thread.java:745)
Caused by: org.javacs.NoJavaConfigException: Can't find configuration file for d:\Amin\Projects\CafeBazarIabPluginJavaCode\app\src\main\java\ir\unity3d\cafebazarplugin\StoreController.java
	at org.javacs.JavaLanguageServer.lambda$findCompiler$21(JavaLanguageServer.java:444)
	at java.util.Optional.orElseThrow(Optional.java:290)
	at org.javacs.JavaLanguageServer.findCompiler(JavaLanguageServer.java:444)
	at org.javacs.JavaLanguageServer.doLint(JavaLanguageServer.java:292)
	at org.javacs.JavaLanguageServer.access$400(JavaLanguageServer.java:25)
	at org.javacs.JavaLanguageServer$1.didOpen(JavaLanguageServer.java:182)
	... 12 more

SEVERE	?	pool-1-thread-1	2016-08-15T04:52:20.211Z	org.javacs.Main#lambda$run$0	Can't find configuration file for d:\Amin\Projects\CafeBazarIabPluginJavaCode\app\src\main\java\ir\unity3d\cafebazarplugin\GateWay.java
org.javacs.NoJavaConfigException: Can't find configuration file for d:\Amin\Projects\CafeBazarIabPluginJavaCode\app\src\main\java\ir\unity3d\cafebazarplugin\GateWay.java
	at org.javacs.JavaLanguageServer.lambda$findCompiler$21(JavaLanguageServer.java:444)
	at java.util.Optional.orElseThrow(Optional.java:290)
	at org.javacs.JavaLanguageServer.findCompiler(JavaLanguageServer.java:444)
	at org.javacs.JavaLanguageServer$1.didClose(JavaLanguageServer.java:216)
	at io.typefox.lsapi.services.json.LanguageServerToJsonAdapter._doAccept(LanguageServerToJsonAdapter.xtend:221)
	at io.typefox.lsapi.services.json.LanguageServerToJsonAdapter.doAccept(LanguageServerToJsonAdapter.xtend:213)
	at io.typefox.lsapi.services.json.LanguageServerToJsonAdapter.accept(LanguageServerToJsonAdapter.xtend:124)
	at io.typefox.lsapi.services.json.LanguageServerProtocol.handleMessage(LanguageServerProtocol.xtend:79)
	at io.typefox.lsapi.services.json.LanguageServerProtocol$IOHandler.handleMessage(LanguageServerProtocol.xtend:284)
	at io.typefox.lsapi.services.json.LanguageServerProtocol$IOHandler.run(LanguageServerProtocol.xtend:220)
	at io.typefox.lsapi.services.json.LanguageServerProtocol$IOHandler.run(LanguageServerProtocol.xtend:180)
	at java.util.concurrent.Executors$RunnableAdapter.call(Executors.java:511)
	at java.util.concurrent.FutureTask.run(FutureTask.java:266)
	at java.util.concurrent.ThreadPoolExecutor.runWorker(ThreadPoolExecutor.java:1142)
	at java.util.concurrent.ThreadPoolExecutor$Worker.run(ThreadPoolExecutor.java:617)
	at java.lang.Thread.run(Thread.java:745)

WARNING	?	pool-1-thread-1	2016-08-15T04:52:20.211Z	org.javacs.JavaLanguageServer#onError	Can't find configuration file for d:\Amin\Projects\CafeBazarIabPluginJavaCode\app\src\main\java\ir\unity3d\cafebazarplugin\GateWay.java
SEVERE	?	pool-1-thread-1	2016-08-15T04:52:28.861Z	org.javacs.Main#lambda$run$0	Can't find configuration file for d:\Amin\Projects\CafeBazarIabPluginJavaCode\app\src\main\java\ir\unity3d\cafebazarplugin\StoreController.java
org.javacs.NoJavaConfigException: Can't find configuration file for d:\Amin\Projects\CafeBazarIabPluginJavaCode\app\src\main\java\ir\unity3d\cafebazarplugin\StoreController.java
	at org.javacs.JavaLanguageServer.lambda$findCompiler$21(JavaLanguageServer.java:444)
	at java.util.Optional.orElseThrow(Optional.java:290)
	at org.javacs.JavaLanguageServer.findCompiler(JavaLanguageServer.java:444)
	at org.javacs.JavaLanguageServer.autocomplete(JavaLanguageServer.java:866)
	at org.javacs.JavaLanguageServer$1.completion(JavaLanguageServer.java:97)
	at io.typefox.lsapi.services.json.LanguageServerToJsonAdapter._doAccept(LanguageServerToJsonAdapter.xtend:136)
	at io.typefox.lsapi.services.json.LanguageServerToJsonAdapter.doAccept(LanguageServerToJsonAdapter.xtend:127)
	at io.typefox.lsapi.services.json.LanguageServerToJsonAdapter.accept(LanguageServerToJsonAdapter.xtend:124)
	at io.typefox.lsapi.services.json.LanguageServerProtocol.handleMessage(LanguageServerProtocol.xtend:79)
	at io.typefox.lsapi.services.json.LanguageServerProtocol$IOHandler.handleMessage(LanguageServerProtocol.xtend:284)
	at io.typefox.lsapi.services.json.LanguageServerProtocol$IOHandler.run(LanguageServerProtocol.xtend:220)
	at io.typefox.lsapi.services.json.LanguageServerProtocol$IOHandler.run(LanguageServerProtocol.xtend:180)
	at java.util.concurrent.Executors$RunnableAdapter.call(Executors.java:511)
	at java.util.concurrent.FutureTask.run(FutureTask.java:266)
	at java.util.concurrent.ThreadPoolExecutor.runWorker(ThreadPoolExecutor.java:1142)
	at java.util.concurrent.ThreadPoolExecutor$Worker.run(ThreadPoolExecutor.java:617)
	at java.lang.Thread.run(Thread.java:745)

WARNING	?	pool-1-thread-1	2016-08-15T04:52:28.862Z	org.javacs.JavaLanguageServer#onError	Can't find configuration file for d:\Amin\Projects\CafeBazarIabPluginJavaCode\app\src\main\java\ir\unity3d\cafebazarplugin\StoreController.java
SEVERE	?	pool-1-thread-1	2016-08-15T04:52:30.629Z	org.javacs.Main#lambda$run$0	Can't find configuration file for d:\Amin\Projects\CafeBazarIabPluginJavaCode\app\src\main\java\ir\unity3d\cafebazarplugin\StoreController.java
org.javacs.NoJavaConfigException: Can't find configuration file for d:\Amin\Projects\CafeBazarIabPluginJavaCode\app\src\main\java\ir\unity3d\cafebazarplugin\StoreController.java
	at org.javacs.JavaLanguageServer.lambda$findCompiler$21(JavaLanguageServer.java:444)
	at java.util.Optional.orElseThrow(Optional.java:290)
	at org.javacs.JavaLanguageServer.findCompiler(JavaLanguageServer.java:444)
	at org.javacs.JavaLanguageServer.autocomplete(JavaLanguageServer.java:866)
	at org.javacs.JavaLanguageServer$1.completion(JavaLanguageServer.java:97)
	at io.typefox.lsapi.services.json.LanguageServerToJsonAdapter._doAccept(LanguageServerToJsonAdapter.xtend:136)
	at io.typefox.lsapi.services.json.LanguageServerToJsonAdapter.doAccept(LanguageServerToJsonAdapter.xtend:127)
	at io.typefox.lsapi.services.json.LanguageServerToJsonAdapter.accept(LanguageServerToJsonAdapter.xtend:124)
	at io.typefox.lsapi.services.json.LanguageServerProtocol.handleMessage(LanguageServerProtocol.xtend:79)
	at io.typefox.lsapi.services.json.LanguageServerProtocol$IOHandler.handleMessage(LanguageServerProtocol.xtend:284)
	at io.typefox.lsapi.services.json.LanguageServerProtocol$IOHandler.run(LanguageServerProtocol.xtend:220)
	at io.typefox.lsapi.services.json.LanguageServerProtocol$IOHandler.run(LanguageServerProtocol.xtend:180)
	at java.util.concurrent.Executors$RunnableAdapter.call(Executors.java:511)
	at java.util.concurrent.FutureTask.run(FutureTask.java:266)
	at java.util.concurrent.ThreadPoolExecutor.runWorker(ThreadPoolExecutor.java:1142)
	at java.util.concurrent.ThreadPoolExecutor$Worker.run(ThreadPoolExecutor.java:617)
	at java.lang.Thread.run(Thread.java:745)

WARNING	?	pool-1-thread-1	2016-08-15T04:52:30.631Z	org.javacs.JavaLanguageServer#onError	Can't find configuration file for d:\Amin\Projects\CafeBazarIabPluginJavaCode\app\src\main\java\ir\unity3d\cafebazarplugin\StoreController.java
SEVERE	?	pool-1-thread-1	2016-08-15T04:52:30.824Z	org.javacs.Main#lambda$run$0	Can't find configuration file for d:\Amin\Projects\CafeBazarIabPluginJavaCode\app\src\main\java\ir\unity3d\cafebazarplugin\StoreController.java
org.javacs.NoJavaConfigException: Can't find configuration file for d:\Amin\Projects\CafeBazarIabPluginJavaCode\app\src\main\java\ir\unity3d\cafebazarplugin\StoreController.java
	at org.javacs.JavaLanguageServer.lambda$findCompiler$21(JavaLanguageServer.java:444)
	at java.util.Optional.orElseThrow(Optional.java:290)
	at org.javacs.JavaLanguageServer.findCompiler(JavaLanguageServer.java:444)
	at org.javacs.JavaLanguageServer.autocomplete(JavaLanguageServer.java:866)
	at org.javacs.JavaLanguageServer$1.completion(JavaLanguageServer.java:97)
	at io.typefox.lsapi.services.json.LanguageServerToJsonAdapter._doAccept(LanguageServerToJsonAdapter.xtend:136)
	at io.typefox.lsapi.services.json.LanguageServerToJsonAdapter.doAccept(LanguageServerToJsonAdapter.xtend:127)
	at io.typefox.lsapi.services.json.LanguageServerToJsonAdapter.accept(LanguageServerToJsonAdapter.xtend:124)
	at io.typefox.lsapi.services.json.LanguageServerProtocol.handleMessage(LanguageServerProtocol.xtend:79)
	at io.typefox.lsapi.services.json.LanguageServerProtocol$IOHandler.handleMessage(LanguageServerProtocol.xtend:284)
	at io.typefox.lsapi.services.json.LanguageServerProtocol$IOHandler.run(LanguageServerProtocol.xtend:220)
	at io.typefox.lsapi.services.json.LanguageServerProtocol$IOHandler.run(LanguageServerProtocol.xtend:180)
	at java.util.concurrent.Executors$RunnableAdapter.call(Executors.java:511)
	at java.util.concurrent.FutureTask.run(FutureTask.java:266)
	at java.util.concurrent.ThreadPoolExecutor.runWorker(ThreadPoolExecutor.java:1142)
	at java.util.concurrent.ThreadPoolExecutor$Worker.run(ThreadPoolExecutor.java:617)
	at java.lang.Thread.run(Thread.java:745)

WARNING	?	pool-1-thread-1	2016-08-15T04:52:30.825Z	org.javacs.JavaLanguageServer#onError	Can't find configuration file for d:\Amin\Projects\CafeBazarIabPluginJavaCode\app\src\main\java\ir\unity3d\cafebazarplugin\StoreController.java
SEVERE	?	pool-1-thread-1	2016-08-15T04:52:31.917Z	org.javacs.Main#lambda$run$0	Can't find configuration file for d:\Amin\Projects\CafeBazarIabPluginJavaCode\app\src\main\java\ir\unity3d\cafebazarplugin\StoreController.java
org.javacs.NoJavaConfigException: Can't find configuration file for d:\Amin\Projects\CafeBazarIabPluginJavaCode\app\src\main\java\ir\unity3d\cafebazarplugin\StoreController.java
	at org.javacs.JavaLanguageServer.lambda$findCompiler$21(JavaLanguageServer.java:444)
	at java.util.Optional.orElseThrow(Optional.java:290)
	at org.javacs.JavaLanguageServer.findCompiler(JavaLanguageServer.java:444)
	at org.javacs.JavaLanguageServer.autocomplete(JavaLanguageServer.java:866)
	at org.javacs.JavaLanguageServer$1.completion(JavaLanguageServer.java:97)
	at io.typefox.lsapi.services.json.LanguageServerToJsonAdapter._doAccept(LanguageServerToJsonAdapter.xtend:136)
	at io.typefox.lsapi.services.json.LanguageServerToJsonAdapter.doAccept(LanguageServerToJsonAdapter.xtend:127)
	at io.typefox.lsapi.services.json.LanguageServerToJsonAdapter.accept(LanguageServerToJsonAdapter.xtend:124)
	at io.typefox.lsapi.services.json.LanguageServerProtocol.handleMessage(LanguageServerProtocol.xtend:79)
	at io.typefox.lsapi.services.json.LanguageServerProtocol$IOHandler.handleMessage(LanguageServerProtocol.xtend:284)
	at io.typefox.lsapi.services.json.LanguageServerProtocol$IOHandler.run(LanguageServerProtocol.xtend:220)
	at io.typefox.lsapi.services.json.LanguageServerProtocol$IOHandler.run(LanguageServerProtocol.xtend:180)
	at java.util.concurrent.Executors$RunnableAdapter.call(Executors.java:511)
	at java.util.concurrent.FutureTask.run(FutureTask.java:266)
	at java.util.concurrent.ThreadPoolExecutor.runWorker(ThreadPoolExecutor.java:1142)
	at java.util.concurrent.ThreadPoolExecutor$Worker.run(ThreadPoolExecutor.java:617)
	at java.lang.Thread.run(Thread.java:745)

WARNING	?	pool-1-thread-1	2016-08-15T04:52:31.919Z	org.javacs.JavaLanguageServer#onError	Can't find configuration file for d:\Amin\Projects\CafeBazarIabPluginJavaCode\app\src\main\java\ir\unity3d\cafebazarplugin\StoreController.java
SEVERE	?	pool-1-thread-1	2016-08-15T04:52:35.949Z	org.javacs.Main#lambda$run$0	Can't find configuration file for d:\Amin\Projects\CafeBazarIabPluginJavaCode\app\src\main\java\ir\unity3d\cafebazarplugin\StoreController.java
org.javacs.NoJavaConfigException: Can't find configuration file for d:\Amin\Projects\CafeBazarIabPluginJavaCode\app\src\main\java\ir\unity3d\cafebazarplugin\StoreController.java
	at org.javacs.JavaLanguageServer.lambda$findCompiler$21(JavaLanguageServer.java:444)
	at java.util.Optional.orElseThrow(Optional.java:290)
	at org.javacs.JavaLanguageServer.findCompiler(JavaLanguageServer.java:444)
	at org.javacs.JavaLanguageServer.autocomplete(JavaLanguageServer.java:866)
	at org.javacs.JavaLanguageServer$1.completion(JavaLanguageServer.java:97)
	at io.typefox.lsapi.services.json.LanguageServerToJsonAdapter._doAccept(LanguageServerToJsonAdapter.xtend:136)
	at io.typefox.lsapi.services.json.LanguageServerToJsonAdapter.doAccept(LanguageServerToJsonAdapter.xtend:127)
	at io.typefox.lsapi.services.json.LanguageServerToJsonAdapter.accept(LanguageServerToJsonAdapter.xtend:124)
	at io.typefox.lsapi.services.json.LanguageServerProtocol.handleMessage(LanguageServerProtocol.xtend:79)
	at io.typefox.lsapi.services.json.LanguageServerProtocol$IOHandler.handleMessage(LanguageServerProtocol.xtend:284)
	at io.typefox.lsapi.services.json.LanguageServerProtocol$IOHandler.run(LanguageServerProtocol.xtend:220)
	at io.typefox.lsapi.services.json.LanguageServerProtocol$IOHandler.run(LanguageServerProtocol.xtend:180)
	at java.util.concurrent.Executors$RunnableAdapter.call(Executors.java:511)
	at java.util.concurrent.FutureTask.run(FutureTask.java:266)
	at java.util.concurrent.ThreadPoolExecutor.runWorker(ThreadPoolExecutor.java:1142)
	at java.util.concurrent.ThreadPoolExecutor$Worker.run(ThreadPoolExecutor.java:617)
	at java.lang.Thread.run(Thread.java:745)

WARNING	?	pool-1-thread-1	2016-08-15T04:52:35.951Z	org.javacs.JavaLanguageServer#onError	Can't find configuration file for d:\Amin\Projects\CafeBazarIabPluginJavaCode\app\src\main\java\ir\unity3d\cafebazarplugin\StoreController.java
INFO	?	pool-1-thread-1	2016-08-15T04:52:43.668Z	org.javacs.JavaLanguageServer#doLint	Lint d:\Amin\Projects\CafeBazarIabPluginJavaCode\app\src\main\java\ir\unity3d\cafebazarplugin\StoreController.java
SEVERE	?	pool-1-thread-1	2016-08-15T04:52:43.668Z	org.javacs.Main#lambda$run$0	Can't find configuration file for d:\Amin\Projects\CafeBazarIabPluginJavaCode\app\src\main\java\ir\unity3d\cafebazarplugin\StoreController.java
org.javacs.NoJavaConfigException: Can't find configuration file for d:\Amin\Projects\CafeBazarIabPluginJavaCode\app\src\main\java\ir\unity3d\cafebazarplugin\StoreController.java
	at org.javacs.JavaLanguageServer.lambda$findCompiler$21(JavaLanguageServer.java:444)
	at java.util.Optional.orElseThrow(Optional.java:290)
	at org.javacs.JavaLanguageServer.findCompiler(JavaLanguageServer.java:444)
	at org.javacs.JavaLanguageServer.doLint(JavaLanguageServer.java:292)
	at org.javacs.JavaLanguageServer.access$400(JavaLanguageServer.java:25)
	at org.javacs.JavaLanguageServer$1.didSave(JavaLanguageServer.java:232)
	at io.typefox.lsapi.services.json.LanguageServerToJsonAdapter._doAccept(LanguageServerToJsonAdapter.xtend:223)
	at io.typefox.lsapi.services.json.LanguageServerToJsonAdapter.doAccept(LanguageServerToJsonAdapter.xtend:213)
	at io.typefox.lsapi.services.json.LanguageServerToJsonAdapter.accept(LanguageServerToJsonAdapter.xtend:124)
	at io.typefox.lsapi.services.json.LanguageServerProtocol.handleMessage(LanguageServerProtocol.xtend:79)
	at io.typefox.lsapi.services.json.LanguageServerProtocol$IOHandler.handleMessage(LanguageServerProtocol.xtend:284)
	at io.typefox.lsapi.services.json.LanguageServerProtocol$IOHandler.run(LanguageServerProtocol.xtend:220)
	at io.typefox.lsapi.services.json.LanguageServerProtocol$IOHandler.run(LanguageServerProtocol.xtend:180)
	at java.util.concurrent.Executors$RunnableAdapter.call(Executors.java:511)
	at java.util.concurrent.FutureTask.run(FutureTask.java:266)
	at java.util.concurrent.ThreadPoolExecutor.runWorker(ThreadPoolExecutor.java:1142)
	at java.util.concurrent.ThreadPoolExecutor$Worker.run(ThreadPoolExecutor.java:617)
	at java.lang.Thread.run(Thread.java:745)

WARNING	?	pool-1-thread-1	2016-08-15T04:52:43.669Z	org.javacs.JavaLanguageServer#onError	Can't find configuration file for d:\Amin\Projects\CafeBazarIabPluginJavaCode\app\src\main\java\ir\unity3d\cafebazarplugin\StoreController.java
INFO	?	pool-1-thread-1	2016-08-15T04:52:46.818Z	org.javacs.JavaLanguageServer#doLint	Lint d:\Amin\Projects\CafeBazarIabPluginJavaCode\app\src\main\java\ir\unity3d\cafebazarplugin\StoreController.java
SEVERE	?	pool-1-thread-1	2016-08-15T04:52:46.819Z	org.javacs.Main#lambda$run$0	Can't find configuration file for d:\Amin\Projects\CafeBazarIabPluginJavaCode\app\src\main\java\ir\unity3d\cafebazarplugin\StoreController.java
org.javacs.NoJavaConfigException: Can't find configuration file for d:\Amin\Projects\CafeBazarIabPluginJavaCode\app\src\main\java\ir\unity3d\cafebazarplugin\StoreController.java
	at org.javacs.JavaLanguageServer.lambda$findCompiler$21(JavaLanguageServer.java:444)
	at java.util.Optional.orElseThrow(Optional.java:290)
	at org.javacs.JavaLanguageServer.findCompiler(JavaLanguageServer.java:444)
	at org.javacs.JavaLanguageServer.doLint(JavaLanguageServer.java:292)
	at org.javacs.JavaLanguageServer.access$400(JavaLanguageServer.java:25)
	at org.javacs.JavaLanguageServer$1.didSave(JavaLanguageServer.java:232)
	at io.typefox.lsapi.services.json.LanguageServerToJsonAdapter._doAccept(LanguageServerToJsonAdapter.xtend:223)
	at io.typefox.lsapi.services.json.LanguageServerToJsonAdapter.doAccept(LanguageServerToJsonAdapter.xtend:213)
	at io.typefox.lsapi.services.json.LanguageServerToJsonAdapter.accept(LanguageServerToJsonAdapter.xtend:124)
	at io.typefox.lsapi.services.json.LanguageServerProtocol.handleMessage(LanguageServerProtocol.xtend:79)
	at io.typefox.lsapi.services.json.LanguageServerProtocol$IOHandler.handleMessage(LanguageServerProtocol.xtend:284)
	at io.typefox.lsapi.services.json.LanguageServerProtocol$IOHandler.run(LanguageServerProtocol.xtend:220)
	at io.typefox.lsapi.services.json.LanguageServerProtocol$IOHandler.run(LanguageServerProtocol.xtend:180)
	at java.util.concurrent.Executors$RunnableAdapter.call(Executors.java:511)
	at java.util.concurrent.FutureTask.run(FutureTask.java:266)
	at java.util.concurrent.ThreadPoolExecutor.runWorker(ThreadPoolExecutor.java:1142)
	at java.util.concurrent.ThreadPoolExecutor$Worker.run(ThreadPoolExecutor.java:617)
	at java.lang.Thread.run(Thread.java:745)

WARNING	?	pool-1-thread-1	2016-08-15T04:52:46.821Z	org.javacs.JavaLanguageServer#onError	Can't find configuration file for d:\Amin\Projects\CafeBazarIabPluginJavaCode\app\src\main\java\ir\unity3d\cafebazarplugin\StoreController.java
